<?xml version="1.0" encoding="UTF-8"?>
<testsuite name="HelloWorldTest" tests="1" skipped="0" failures="0" errors="0" timestamp="2023-07-08T21:53:21" hostname="MacBook-Pro.local" time="0.007">
  <properties/>
  <testcase name="helloWorldTest" classname="HelloWorldTest" time="0.007"/>
  <system-out><![CDATA[]]></system-out>
  <system-err><![CDATA[]]></system-err>
</testsuite>
