<?xml version="1.0" encoding="UTF-8"?>
<testsuite name="TwoFerTest" tests="4" skipped="3" failures="0" errors="0" timestamp="2023-07-08T21:55:11" hostname="MacBook-Pro.local" time="0.007">
  <properties/>
  <testcase name="noNameGiven" classname="TwoFerTest" time="0.006"/>
  <testcase name="emptyStringGiven" classname="TwoFerTest" time="0.0">
    <skipped/>
  </testcase>
  <testcase name="aNameGiven" classname="TwoFerTest" time="0.0">
    <skipped/>
  </testcase>
  <testcase name="anotherNameGiven" classname="TwoFerTest" time="0.0">
    <skipped/>
  </testcase>
  <system-out><![CDATA[]]></system-out>
  <system-err><![CDATA[]]></system-err>
</testsuite>
